mode: set
github.com/go-park-mail-ru/2024_2_EaglesDesigner/docs/docs.go:1343.13,1345.2 1 0
github.com/go-park-mail-ru/2024_2_EaglesDesigner/cmd/app/main.go:61.13,67.16 3 0
github.com/go-park-mail-ru/2024_2_EaglesDesigner/cmd/app/main.go:67.16,69.3 1 0
github.com/go-park-mail-ru/2024_2_EaglesDesigner/cmd/app/main.go:70.2,81.37 5 0
github.com/go-park-mail-ru/2024_2_EaglesDesigner/cmd/app/main.go:81.37,84.3 2 0
github.com/go-park-mail-ru/2024_2_EaglesDesigner/cmd/app/main.go:85.2,129.50 23 0
github.com/go-park-mail-ru/2024_2_EaglesDesigner/cmd/app/main.go:129.50,130.72 1 0
github.com/go-park-mail-ru/2024_2_EaglesDesigner/cmd/app/main.go:130.72,135.4 4 0
github.com/go-park-mail-ru/2024_2_EaglesDesigner/cmd/app/main.go:138.2,189.62 26 0
github.com/go-park-mail-ru/2024_2_EaglesDesigner/cmd/app/main.go:189.62,191.3 1 0
github.com/go-park-mail-ru/2024_2_EaglesDesigner/internal/chats/custom_error/cuxtom_error.go:11.44,13.2 1 0
github.com/go-park-mail-ru/2024_2_EaglesDesigner/internal/contacts/delivery/handlers.go:38.50,43.2 1 0
github.com/go-park-mail-ru/2024_2_EaglesDesigner/internal/contacts/delivery/handlers.go:56.79,63.9 5 0
github.com/go-park-mail-ru/2024_2_EaglesDesigner/internal/contacts/delivery/handlers.go:63.9,66.3 2 0
github.com/go-park-mail-ru/2024_2_EaglesDesigner/internal/contacts/delivery/handlers.go:68.2,69.16 2 0
github.com/go-park-mail-ru/2024_2_EaglesDesigner/internal/contacts/delivery/handlers.go:69.16,72.3 2 0
github.com/go-park-mail-ru/2024_2_EaglesDesigner/internal/contacts/delivery/handlers.go:74.2,78.35 3 0
github.com/go-park-mail-ru/2024_2_EaglesDesigner/internal/contacts/delivery/handlers.go:78.35,80.3 1 0
github.com/go-park-mail-ru/2024_2_EaglesDesigner/internal/contacts/delivery/handlers.go:82.2,86.50 2 0
github.com/go-park-mail-ru/2024_2_EaglesDesigner/internal/contacts/delivery/handlers.go:86.50,90.3 3 0
github.com/go-park-mail-ru/2024_2_EaglesDesigner/internal/contacts/delivery/handlers.go:92.2,94.60 2 0
github.com/go-park-mail-ru/2024_2_EaglesDesigner/internal/contacts/delivery/handlers.go:110.78,119.9 7 0
github.com/go-park-mail-ru/2024_2_EaglesDesigner/internal/contacts/delivery/handlers.go:119.9,122.3 2 0
github.com/go-park-mail-ru/2024_2_EaglesDesigner/internal/contacts/delivery/handlers.go:124.2,126.70 2 0
github.com/go-park-mail-ru/2024_2_EaglesDesigner/internal/contacts/delivery/handlers.go:126.70,130.3 3 0
github.com/go-park-mail-ru/2024_2_EaglesDesigner/internal/contacts/delivery/handlers.go:132.2,132.54 1 0
github.com/go-park-mail-ru/2024_2_EaglesDesigner/internal/contacts/delivery/handlers.go:132.54,136.3 3 0
github.com/go-park-mail-ru/2024_2_EaglesDesigner/internal/contacts/delivery/handlers.go:138.2,144.16 5 0
github.com/go-park-mail-ru/2024_2_EaglesDesigner/internal/contacts/delivery/handlers.go:144.16,147.3 2 0
github.com/go-park-mail-ru/2024_2_EaglesDesigner/internal/contacts/delivery/handlers.go:149.2,151.50 2 0
github.com/go-park-mail-ru/2024_2_EaglesDesigner/internal/contacts/delivery/handlers.go:151.50,155.3 3 0
github.com/go-park-mail-ru/2024_2_EaglesDesigner/internal/contacts/delivery/handlers.go:157.2,159.60 2 0
github.com/go-park-mail-ru/2024_2_EaglesDesigner/internal/contacts/delivery/handlers.go:174.81,183.9 7 0
github.com/go-park-mail-ru/2024_2_EaglesDesigner/internal/contacts/delivery/handlers.go:183.9,186.3 2 0
github.com/go-park-mail-ru/2024_2_EaglesDesigner/internal/contacts/delivery/handlers.go:188.2,190.70 2 0
github.com/go-park-mail-ru/2024_2_EaglesDesigner/internal/contacts/delivery/handlers.go:190.70,194.3 3 0
github.com/go-park-mail-ru/2024_2_EaglesDesigner/internal/contacts/delivery/handlers.go:196.2,202.16 5 0
github.com/go-park-mail-ru/2024_2_EaglesDesigner/internal/contacts/delivery/handlers.go:202.16,205.3 2 0
github.com/go-park-mail-ru/2024_2_EaglesDesigner/internal/contacts/delivery/handlers.go:207.2,209.55 2 0
github.com/go-park-mail-ru/2024_2_EaglesDesigner/internal/contacts/delivery/handlers.go:212.72,219.2 1 0
github.com/go-park-mail-ru/2024_2_EaglesDesigner/internal/contacts/usecase/usecase.go:20.36,24.2 1 0
github.com/go-park-mail-ru/2024_2_EaglesDesigner/internal/contacts/usecase/usecase.go:26.108,30.16 3 0
github.com/go-park-mail-ru/2024_2_EaglesDesigner/internal/contacts/usecase/usecase.go:30.16,33.3 2 0
github.com/go-park-mail-ru/2024_2_EaglesDesigner/internal/contacts/usecase/usecase.go:34.2,36.41 2 0
github.com/go-park-mail-ru/2024_2_EaglesDesigner/internal/contacts/usecase/usecase.go:36.41,40.3 2 0
github.com/go-park-mail-ru/2024_2_EaglesDesigner/internal/contacts/usecase/usecase.go:42.2,42.22 1 0
github.com/go-park-mail-ru/2024_2_EaglesDesigner/internal/contacts/usecase/usecase.go:45.107,51.16 4 0
github.com/go-park-mail-ru/2024_2_EaglesDesigner/internal/contacts/usecase/usecase.go:51.16,54.3 2 0
github.com/go-park-mail-ru/2024_2_EaglesDesigner/internal/contacts/usecase/usecase.go:56.2,58.21 2 0
github.com/go-park-mail-ru/2024_2_EaglesDesigner/internal/contacts/usecase/usecase.go:61.92,67.16 4 0
github.com/go-park-mail-ru/2024_2_EaglesDesigner/internal/contacts/usecase/usecase.go:67.16,70.3 2 0
github.com/go-park-mail-ru/2024_2_EaglesDesigner/internal/contacts/usecase/usecase.go:72.2,72.12 1 0
github.com/go-park-mail-ru/2024_2_EaglesDesigner/internal/contacts/usecase/usecase.go:75.66,82.2 1 0
github.com/go-park-mail-ru/2024_2_EaglesDesigner/internal/contacts/usecase/usecase.go:84.84,89.2 1 0
github.com/go-park-mail-ru/2024_2_EaglesDesigner/internal/chats/delivery/chat_delivery.go:36.66,40.2 1 0
github.com/go-park-mail-ru/2024_2_EaglesDesigner/internal/chats/delivery/chat_delivery.go:52.84,59.16 5 0
github.com/go-park-mail-ru/2024_2_EaglesDesigner/internal/chats/delivery/chat_delivery.go:59.16,62.3 2 0
github.com/go-park-mail-ru/2024_2_EaglesDesigner/internal/chats/delivery/chat_delivery.go:64.2,66.16 2 0
github.com/go-park-mail-ru/2024_2_EaglesDesigner/internal/chats/delivery/chat_delivery.go:66.16,74.3 4 0
github.com/go-park-mail-ru/2024_2_EaglesDesigner/internal/chats/delivery/chat_delivery.go:76.2,80.50 2 0
github.com/go-park-mail-ru/2024_2_EaglesDesigner/internal/chats/delivery/chat_delivery.go:80.50,84.3 3 0
github.com/go-park-mail-ru/2024_2_EaglesDesigner/internal/chats/delivery/chat_delivery.go:86.2,88.16 2 0
github.com/go-park-mail-ru/2024_2_EaglesDesigner/internal/chats/delivery/chat_delivery.go:88.16,92.3 3 0
github.com/go-park-mail-ru/2024_2_EaglesDesigner/internal/chats/delivery/chat_delivery.go:94.2,95.19 2 0
github.com/go-park-mail-ru/2024_2_EaglesDesigner/internal/chats/delivery/chat_delivery.go:107.75,112.55 3 0
github.com/go-park-mail-ru/2024_2_EaglesDesigner/internal/chats/delivery/chat_delivery.go:112.55,116.3 3 0
github.com/go-park-mail-ru/2024_2_EaglesDesigner/internal/chats/delivery/chat_delivery.go:118.2,119.22 2 0
github.com/go-park-mail-ru/2024_2_EaglesDesigner/internal/chats/delivery/chat_delivery.go:119.22,120.70 1 0
github.com/go-park-mail-ru/2024_2_EaglesDesigner/internal/chats/delivery/chat_delivery.go:120.70,123.4 2 0
github.com/go-park-mail-ru/2024_2_EaglesDesigner/internal/chats/delivery/chat_delivery.go:126.2,127.46 2 0
github.com/go-park-mail-ru/2024_2_EaglesDesigner/internal/chats/delivery/chat_delivery.go:127.46,130.3 2 0
github.com/go-park-mail-ru/2024_2_EaglesDesigner/internal/chats/delivery/chat_delivery.go:131.2,131.15 1 0
github.com/go-park-mail-ru/2024_2_EaglesDesigner/internal/chats/delivery/chat_delivery.go:131.15,132.20 1 0
github.com/go-park-mail-ru/2024_2_EaglesDesigner/internal/chats/delivery/chat_delivery.go:132.20,134.4 1 0
github.com/go-park-mail-ru/2024_2_EaglesDesigner/internal/chats/delivery/chat_delivery.go:137.2,137.19 1 0
github.com/go-park-mail-ru/2024_2_EaglesDesigner/internal/chats/delivery/chat_delivery.go:137.19,139.3 1 0
github.com/go-park-mail-ru/2024_2_EaglesDesigner/internal/chats/delivery/chat_delivery.go:141.2,142.16 2 0
github.com/go-park-mail-ru/2024_2_EaglesDesigner/internal/chats/delivery/chat_delivery.go:142.16,146.3 3 0
github.com/go-park-mail-ru/2024_2_EaglesDesigner/internal/chats/delivery/chat_delivery.go:148.2,148.47 1 0
github.com/go-park-mail-ru/2024_2_EaglesDesigner/internal/chats/delivery/chat_delivery.go:161.81,165.16 3 0
github.com/go-park-mail-ru/2024_2_EaglesDesigner/internal/chats/delivery/chat_delivery.go:165.16,170.3 3 0
github.com/go-park-mail-ru/2024_2_EaglesDesigner/internal/chats/delivery/chat_delivery.go:172.2,174.16 3 0
github.com/go-park-mail-ru/2024_2_EaglesDesigner/internal/chats/delivery/chat_delivery.go:174.16,178.3 3 0
github.com/go-park-mail-ru/2024_2_EaglesDesigner/internal/chats/delivery/chat_delivery.go:180.2,182.16 2 0
github.com/go-park-mail-ru/2024_2_EaglesDesigner/internal/chats/delivery/chat_delivery.go:182.16,186.3 3 0
github.com/go-park-mail-ru/2024_2_EaglesDesigner/internal/chats/delivery/chat_delivery.go:188.2,188.47 1 0
github.com/go-park-mail-ru/2024_2_EaglesDesigner/internal/chats/delivery/chat_delivery.go:201.84,205.16 3 0
github.com/go-park-mail-ru/2024_2_EaglesDesigner/internal/chats/delivery/chat_delivery.go:205.16,211.3 3 0
github.com/go-park-mail-ru/2024_2_EaglesDesigner/internal/chats/delivery/chat_delivery.go:212.2,213.9 2 0
github.com/go-park-mail-ru/2024_2_EaglesDesigner/internal/chats/delivery/chat_delivery.go:213.9,216.3 2 0
github.com/go-park-mail-ru/2024_2_EaglesDesigner/internal/chats/delivery/chat_delivery.go:218.2,220.16 3 0
github.com/go-park-mail-ru/2024_2_EaglesDesigner/internal/chats/delivery/chat_delivery.go:220.16,224.3 3 0
github.com/go-park-mail-ru/2024_2_EaglesDesigner/internal/chats/delivery/chat_delivery.go:226.2,228.16 2 0
github.com/go-park-mail-ru/2024_2_EaglesDesigner/internal/chats/delivery/chat_delivery.go:228.16,232.3 3 0
github.com/go-park-mail-ru/2024_2_EaglesDesigner/internal/chats/delivery/chat_delivery.go:234.2,234.45 1 0
github.com/go-park-mail-ru/2024_2_EaglesDesigner/internal/chats/delivery/chat_delivery.go:246.82,250.16 3 0
github.com/go-park-mail-ru/2024_2_EaglesDesigner/internal/chats/delivery/chat_delivery.go:250.16,255.3 3 0
github.com/go-park-mail-ru/2024_2_EaglesDesigner/internal/chats/delivery/chat_delivery.go:257.2,258.9 2 0
github.com/go-park-mail-ru/2024_2_EaglesDesigner/internal/chats/delivery/chat_delivery.go:258.9,261.3 2 0
github.com/go-park-mail-ru/2024_2_EaglesDesigner/internal/chats/delivery/chat_delivery.go:263.2,267.16 3 0
github.com/go-park-mail-ru/2024_2_EaglesDesigner/internal/chats/delivery/chat_delivery.go:267.16,268.55 1 0
github.com/go-park-mail-ru/2024_2_EaglesDesigner/internal/chats/delivery/chat_delivery.go:268.55,272.4 3 0
github.com/go-park-mail-ru/2024_2_EaglesDesigner/internal/chats/delivery/chat_delivery.go:273.3,274.9 2 0
github.com/go-park-mail-ru/2024_2_EaglesDesigner/internal/chats/delivery/chat_delivery.go:277.2,277.21 1 0
github.com/go-park-mail-ru/2024_2_EaglesDesigner/internal/chats/delivery/chat_delivery.go:280.67,282.9 2 0
github.com/go-park-mail-ru/2024_2_EaglesDesigner/internal/chats/delivery/chat_delivery.go:282.9,284.3 1 0
github.com/go-park-mail-ru/2024_2_EaglesDesigner/internal/chats/delivery/chat_delivery.go:286.2,292.16 5 0
github.com/go-park-mail-ru/2024_2_EaglesDesigner/internal/chats/delivery/chat_delivery.go:292.16,294.3 1 0
github.com/go-park-mail-ru/2024_2_EaglesDesigner/internal/chats/delivery/chat_delivery.go:296.2,296.22 1 0
github.com/go-park-mail-ru/2024_2_EaglesDesigner/internal/chats/delivery/chat_delivery.go:313.76,317.16 3 0
github.com/go-park-mail-ru/2024_2_EaglesDesigner/internal/chats/delivery/chat_delivery.go:317.16,322.3 3 0
github.com/go-park-mail-ru/2024_2_EaglesDesigner/internal/chats/delivery/chat_delivery.go:324.2,325.9 2 0
github.com/go-park-mail-ru/2024_2_EaglesDesigner/internal/chats/delivery/chat_delivery.go:325.9,328.3 2 0
github.com/go-park-mail-ru/2024_2_EaglesDesigner/internal/chats/delivery/chat_delivery.go:330.2,333.22 3 0
github.com/go-park-mail-ru/2024_2_EaglesDesigner/internal/chats/delivery/chat_delivery.go:333.22,334.73 1 0
github.com/go-park-mail-ru/2024_2_EaglesDesigner/internal/chats/delivery/chat_delivery.go:334.73,337.4 2 0
github.com/go-park-mail-ru/2024_2_EaglesDesigner/internal/chats/delivery/chat_delivery.go:340.2,341.46 2 0
github.com/go-park-mail-ru/2024_2_EaglesDesigner/internal/chats/delivery/chat_delivery.go:341.46,344.3 2 0
github.com/go-park-mail-ru/2024_2_EaglesDesigner/internal/chats/delivery/chat_delivery.go:345.2,345.15 1 0
github.com/go-park-mail-ru/2024_2_EaglesDesigner/internal/chats/delivery/chat_delivery.go:345.15,346.20 1 0
github.com/go-park-mail-ru/2024_2_EaglesDesigner/internal/chats/delivery/chat_delivery.go:346.20,348.4 1 0
github.com/go-park-mail-ru/2024_2_EaglesDesigner/internal/chats/delivery/chat_delivery.go:351.2,351.19 1 0
github.com/go-park-mail-ru/2024_2_EaglesDesigner/internal/chats/delivery/chat_delivery.go:351.19,354.3 2 0
github.com/go-park-mail-ru/2024_2_EaglesDesigner/internal/chats/delivery/chat_delivery.go:356.2,360.16 3 0
github.com/go-park-mail-ru/2024_2_EaglesDesigner/internal/chats/delivery/chat_delivery.go:360.16,361.30 1 0
github.com/go-park-mail-ru/2024_2_EaglesDesigner/internal/chats/delivery/chat_delivery.go:361.30,364.4 2 0
github.com/go-park-mail-ru/2024_2_EaglesDesigner/internal/chats/delivery/chat_delivery.go:365.3,366.9 2 0
github.com/go-park-mail-ru/2024_2_EaglesDesigner/internal/chats/delivery/chat_delivery.go:369.2,369.48 1 0
github.com/go-park-mail-ru/2024_2_EaglesDesigner/internal/chats/delivery/chat_delivery.go:372.62,374.2 1 0
github.com/go-park-mail-ru/2024_2_EaglesDesigner/internal/chats/delivery/chat_delivery.go:390.81,394.16 3 0
github.com/go-park-mail-ru/2024_2_EaglesDesigner/internal/chats/delivery/chat_delivery.go:394.16,399.3 3 0
github.com/go-park-mail-ru/2024_2_EaglesDesigner/internal/chats/delivery/chat_delivery.go:401.2,402.9 2 0
github.com/go-park-mail-ru/2024_2_EaglesDesigner/internal/chats/delivery/chat_delivery.go:402.9,405.3 2 0
github.com/go-park-mail-ru/2024_2_EaglesDesigner/internal/chats/delivery/chat_delivery.go:407.2,409.16 2 0
github.com/go-park-mail-ru/2024_2_EaglesDesigner/internal/chats/delivery/chat_delivery.go:409.16,410.29 1 0
github.com/go-park-mail-ru/2024_2_EaglesDesigner/internal/chats/delivery/chat_delivery.go:410.29,413.4 2 0
github.com/go-park-mail-ru/2024_2_EaglesDesigner/internal/chats/delivery/chat_delivery.go:414.3,415.9 2 0
github.com/go-park-mail-ru/2024_2_EaglesDesigner/internal/chats/delivery/chat_delivery.go:418.2,418.40 1 0
github.com/go-park-mail-ru/2024_2_EaglesDesigner/internal/chats/models/chatModels.go:41.59,43.2 1 0
github.com/go-park-mail-ru/2024_2_EaglesDesigner/internal/chats/models/chatModels.go:45.63,47.2 1 0
github.com/go-park-mail-ru/2024_2_EaglesDesigner/internal/chats/models/chatModels.go:71.92,80.2 1 0
github.com/go-park-mail-ru/2024_2_EaglesDesigner/internal/contacts/repository/repository.go:17.42,21.2 1 0
github.com/go-park-mail-ru/2024_2_EaglesDesigner/internal/contacts/repository/repository.go:23.114,27.16 3 0
github.com/go-park-mail-ru/2024_2_EaglesDesigner/internal/contacts/repository/repository.go:27.16,30.3 2 0
github.com/go-park-mail-ru/2024_2_EaglesDesigner/internal/contacts/repository/repository.go:31.2,49.16 3 0
github.com/go-park-mail-ru/2024_2_EaglesDesigner/internal/contacts/repository/repository.go:49.16,52.3 2 0
github.com/go-park-mail-ru/2024_2_EaglesDesigner/internal/contacts/repository/repository.go:53.2,55.18 2 0
github.com/go-park-mail-ru/2024_2_EaglesDesigner/internal/contacts/repository/repository.go:55.18,58.101 2 0
github.com/go-park-mail-ru/2024_2_EaglesDesigner/internal/contacts/repository/repository.go:58.101,61.4 2 0
github.com/go-park-mail-ru/2024_2_EaglesDesigner/internal/contacts/repository/repository.go:62.3,62.39 1 0
github.com/go-park-mail-ru/2024_2_EaglesDesigner/internal/contacts/repository/repository.go:65.2,67.22 2 0
github.com/go-park-mail-ru/2024_2_EaglesDesigner/internal/contacts/repository/repository.go:70.116,74.16 3 0
github.com/go-park-mail-ru/2024_2_EaglesDesigner/internal/contacts/repository/repository.go:74.16,77.3 2 0
github.com/go-park-mail-ru/2024_2_EaglesDesigner/internal/contacts/repository/repository.go:78.2,81.16 3 0
github.com/go-park-mail-ru/2024_2_EaglesDesigner/internal/contacts/repository/repository.go:81.16,84.3 2 0
github.com/go-park-mail-ru/2024_2_EaglesDesigner/internal/contacts/repository/repository.go:86.2,101.16 3 0
github.com/go-park-mail-ru/2024_2_EaglesDesigner/internal/contacts/repository/repository.go:101.16,104.3 2 0
github.com/go-park-mail-ru/2024_2_EaglesDesigner/internal/contacts/repository/repository.go:106.2,121.16 4 0
github.com/go-park-mail-ru/2024_2_EaglesDesigner/internal/contacts/repository/repository.go:121.16,124.3 2 0
github.com/go-park-mail-ru/2024_2_EaglesDesigner/internal/contacts/repository/repository.go:126.2,126.38 1 0
github.com/go-park-mail-ru/2024_2_EaglesDesigner/internal/contacts/repository/repository.go:126.38,129.3 2 0
github.com/go-park-mail-ru/2024_2_EaglesDesigner/internal/contacts/repository/repository.go:131.2,131.21 1 0
github.com/go-park-mail-ru/2024_2_EaglesDesigner/internal/contacts/repository/repository.go:134.98,138.16 3 0
github.com/go-park-mail-ru/2024_2_EaglesDesigner/internal/contacts/repository/repository.go:138.16,141.3 2 0
github.com/go-park-mail-ru/2024_2_EaglesDesigner/internal/contacts/repository/repository.go:142.2,151.16 3 0
github.com/go-park-mail-ru/2024_2_EaglesDesigner/internal/contacts/repository/repository.go:151.16,154.3 2 0
github.com/go-park-mail-ru/2024_2_EaglesDesigner/internal/contacts/repository/repository.go:156.2,158.23 2 0
github.com/go-park-mail-ru/2024_2_EaglesDesigner/internal/contacts/repository/repository.go:158.23,161.3 2 0
github.com/go-park-mail-ru/2024_2_EaglesDesigner/internal/contacts/repository/repository.go:161.8,163.3 1 0
github.com/go-park-mail-ru/2024_2_EaglesDesigner/internal/contacts/repository/repository.go:165.2,165.12 1 0
github.com/go-park-mail-ru/2024_2_EaglesDesigner/internal/uploads/delivery/handlers.go:13.22,15.2 1 0
github.com/go-park-mail-ru/2024_2_EaglesDesigner/internal/uploads/delivery/handlers.go:28.69,38.2 6 0
github.com/go-park-mail-ru/2024_2_EaglesDesigner/internal/utils/logger/logger.go:18.13,21.2 2 0
github.com/go-park-mail-ru/2024_2_EaglesDesigner/internal/utils/logger/logger.go:23.75,25.9 2 0
github.com/go-park-mail-ru/2024_2_EaglesDesigner/internal/utils/logger/logger.go:25.9,27.3 1 0
github.com/go-park-mail-ru/2024_2_EaglesDesigner/internal/utils/logger/logger.go:29.2,37.20 6 0
github.com/go-park-mail-ru/2024_2_EaglesDesigner/internal/utils/logger/logger.go:37.20,40.3 2 0
github.com/go-park-mail-ru/2024_2_EaglesDesigner/internal/utils/logger/logger.go:42.2,50.14 3 0
github.com/go-park-mail-ru/2024_2_EaglesDesigner/internal/utils/logger/logger.go:55.71,57.21 2 0
github.com/go-park-mail-ru/2024_2_EaglesDesigner/internal/utils/logger/logger.go:58.24,59.26 1 0
github.com/go-park-mail-ru/2024_2_EaglesDesigner/internal/utils/logger/logger.go:60.24,61.26 1 0
github.com/go-park-mail-ru/2024_2_EaglesDesigner/internal/utils/logger/logger.go:62.25,63.26 1 0
github.com/go-park-mail-ru/2024_2_EaglesDesigner/internal/utils/logger/logger.go:64.44,65.26 1 0
github.com/go-park-mail-ru/2024_2_EaglesDesigner/internal/utils/logger/logger.go:66.10,67.25 1 0
github.com/go-park-mail-ru/2024_2_EaglesDesigner/internal/utils/logger/logger.go:70.2,89.25 9 0
github.com/go-park-mail-ru/2024_2_EaglesDesigner/internal/messages/delivery/message_delivery.go:24.42,37.41 2 0
github.com/go-park-mail-ru/2024_2_EaglesDesigner/internal/messages/delivery/message_delivery.go:37.41,38.40 1 0
github.com/go-park-mail-ru/2024_2_EaglesDesigner/internal/messages/delivery/message_delivery.go:38.40,40.5 1 0
github.com/go-park-mail-ru/2024_2_EaglesDesigner/internal/messages/delivery/message_delivery.go:42.3,42.15 1 0
github.com/go-park-mail-ru/2024_2_EaglesDesigner/internal/messages/delivery/message_delivery.go:50.77,54.2 1 0
github.com/go-park-mail-ru/2024_2_EaglesDesigner/internal/messages/delivery/message_delivery.go:66.83,69.9 3 0
github.com/go-park-mail-ru/2024_2_EaglesDesigner/internal/messages/delivery/message_delivery.go:69.9,72.3 2 0
github.com/go-park-mail-ru/2024_2_EaglesDesigner/internal/messages/delivery/message_delivery.go:74.2,77.16 3 0
github.com/go-park-mail-ru/2024_2_EaglesDesigner/internal/messages/delivery/message_delivery.go:77.16,82.3 3 0
github.com/go-park-mail-ru/2024_2_EaglesDesigner/internal/messages/delivery/message_delivery.go:84.2,89.9 5 0
github.com/go-park-mail-ru/2024_2_EaglesDesigner/internal/messages/delivery/message_delivery.go:89.9,93.3 3 0
github.com/go-park-mail-ru/2024_2_EaglesDesigner/internal/messages/delivery/message_delivery.go:95.2,98.16 3 0
github.com/go-park-mail-ru/2024_2_EaglesDesigner/internal/messages/delivery/message_delivery.go:98.16,102.3 3 0
github.com/go-park-mail-ru/2024_2_EaglesDesigner/internal/messages/delivery/message_delivery.go:104.2,106.16 2 0
github.com/go-park-mail-ru/2024_2_EaglesDesigner/internal/messages/delivery/message_delivery.go:106.16,110.3 3 0
github.com/go-park-mail-ru/2024_2_EaglesDesigner/internal/messages/delivery/message_delivery.go:112.2,112.35 1 0
github.com/go-park-mail-ru/2024_2_EaglesDesigner/internal/messages/delivery/message_delivery.go:124.84,127.9 3 0
github.com/go-park-mail-ru/2024_2_EaglesDesigner/internal/messages/delivery/message_delivery.go:127.9,130.3 2 0
github.com/go-park-mail-ru/2024_2_EaglesDesigner/internal/messages/delivery/message_delivery.go:132.2,135.16 3 0
github.com/go-park-mail-ru/2024_2_EaglesDesigner/internal/messages/delivery/message_delivery.go:135.16,140.3 3 0
github.com/go-park-mail-ru/2024_2_EaglesDesigner/internal/messages/delivery/message_delivery.go:142.2,146.16 4 0
github.com/go-park-mail-ru/2024_2_EaglesDesigner/internal/messages/delivery/message_delivery.go:146.16,150.3 3 0
github.com/go-park-mail-ru/2024_2_EaglesDesigner/internal/messages/delivery/message_delivery.go:152.2,154.16 2 0
github.com/go-park-mail-ru/2024_2_EaglesDesigner/internal/messages/delivery/message_delivery.go:154.16,158.3 3 0
github.com/go-park-mail-ru/2024_2_EaglesDesigner/internal/messages/delivery/message_delivery.go:160.2,161.19 2 0
github.com/go-park-mail-ru/2024_2_EaglesDesigner/internal/messages/delivery/message_delivery.go:164.86,168.16 2 0
github.com/go-park-mail-ru/2024_2_EaglesDesigner/internal/messages/delivery/message_delivery.go:168.16,172.3 3 0
github.com/go-park-mail-ru/2024_2_EaglesDesigner/internal/messages/delivery/message_delivery.go:173.2,181.15 6 0
github.com/go-park-mail-ru/2024_2_EaglesDesigner/internal/messages/delivery/message_delivery.go:181.15,184.3 2 0
github.com/go-park-mail-ru/2024_2_EaglesDesigner/internal/messages/delivery/message_delivery.go:186.2,186.16 1 0
github.com/go-park-mail-ru/2024_2_EaglesDesigner/internal/messages/delivery/message_delivery.go:186.16,190.3 3 0
github.com/go-park-mail-ru/2024_2_EaglesDesigner/internal/messages/delivery/message_delivery.go:192.2,197.6 3 0
github.com/go-park-mail-ru/2024_2_EaglesDesigner/internal/messages/delivery/message_delivery.go:197.6,198.10 1 0
github.com/go-park-mail-ru/2024_2_EaglesDesigner/internal/messages/delivery/message_delivery.go:199.27,201.18 1 0
github.com/go-park-mail-ru/2024_2_EaglesDesigner/internal/messages/delivery/message_delivery.go:201.18,205.5 3 0
github.com/go-park-mail-ru/2024_2_EaglesDesigner/internal/messages/delivery/message_delivery.go:206.36,210.27 2 0
github.com/go-park-mail-ru/2024_2_EaglesDesigner/internal/messages/delivery/message_delivery.go:212.11,213.24 1 0
github.com/go-park-mail-ru/2024_2_EaglesDesigner/internal/profile/repository/repository.go:19.42,23.2 1 0
github.com/go-park-mail-ru/2024_2_EaglesDesigner/internal/profile/repository/repository.go:25.109,29.16 3 0
github.com/go-park-mail-ru/2024_2_EaglesDesigner/internal/profile/repository/repository.go:29.16,32.3 2 0
github.com/go-park-mail-ru/2024_2_EaglesDesigner/internal/profile/repository/repository.go:33.2,55.16 5 0
github.com/go-park-mail-ru/2024_2_EaglesDesigner/internal/profile/repository/repository.go:55.16,58.3 2 0
github.com/go-park-mail-ru/2024_2_EaglesDesigner/internal/profile/repository/repository.go:60.2,62.25 2 0
github.com/go-park-mail-ru/2024_2_EaglesDesigner/internal/profile/repository/repository.go:73.112,77.16 3 0
github.com/go-park-mail-ru/2024_2_EaglesDesigner/internal/profile/repository/repository.go:77.16,80.3 2 0
github.com/go-park-mail-ru/2024_2_EaglesDesigner/internal/profile/repository/repository.go:81.2,92.16 4 0
github.com/go-park-mail-ru/2024_2_EaglesDesigner/internal/profile/repository/repository.go:92.16,94.3 1 0
github.com/go-park-mail-ru/2024_2_EaglesDesigner/internal/profile/repository/repository.go:96.2,96.22 1 0
github.com/go-park-mail-ru/2024_2_EaglesDesigner/internal/profile/repository/repository.go:96.22,99.3 2 0
github.com/go-park-mail-ru/2024_2_EaglesDesigner/internal/profile/repository/repository.go:101.2,108.25 5 0
github.com/go-park-mail-ru/2024_2_EaglesDesigner/internal/profile/repository/repository.go:108.25,111.3 2 0
github.com/go-park-mail-ru/2024_2_EaglesDesigner/internal/profile/repository/repository.go:112.2,112.24 1 0
github.com/go-park-mail-ru/2024_2_EaglesDesigner/internal/profile/repository/repository.go:112.24,115.3 2 0
github.com/go-park-mail-ru/2024_2_EaglesDesigner/internal/profile/repository/repository.go:116.2,116.27 1 0
github.com/go-park-mail-ru/2024_2_EaglesDesigner/internal/profile/repository/repository.go:116.27,119.3 2 0
github.com/go-park-mail-ru/2024_2_EaglesDesigner/internal/profile/repository/repository.go:120.2,120.30 1 0
github.com/go-park-mail-ru/2024_2_EaglesDesigner/internal/profile/repository/repository.go:120.30,123.3 2 0
github.com/go-park-mail-ru/2024_2_EaglesDesigner/internal/profile/repository/repository.go:125.2,125.20 1 0
github.com/go-park-mail-ru/2024_2_EaglesDesigner/internal/profile/repository/repository.go:125.20,127.3 1 0
github.com/go-park-mail-ru/2024_2_EaglesDesigner/internal/profile/repository/repository.go:129.2,136.16 5 0
github.com/go-park-mail-ru/2024_2_EaglesDesigner/internal/profile/repository/repository.go:136.16,138.3 1 0
github.com/go-park-mail-ru/2024_2_EaglesDesigner/internal/profile/repository/repository.go:140.2,140.23 1 0
github.com/go-park-mail-ru/2024_2_EaglesDesigner/internal/profile/usecase/usecase.go:21.36,25.2 1 0
github.com/go-park-mail-ru/2024_2_EaglesDesigner/internal/profile/usecase/usecase.go:27.103,33.16 4 0
github.com/go-park-mail-ru/2024_2_EaglesDesigner/internal/profile/usecase/usecase.go:33.16,36.3 2 0
github.com/go-park-mail-ru/2024_2_EaglesDesigner/internal/profile/usecase/usecase.go:38.2,38.27 1 0
github.com/go-park-mail-ru/2024_2_EaglesDesigner/internal/profile/usecase/usecase.go:38.27,40.17 2 0
github.com/go-park-mail-ru/2024_2_EaglesDesigner/internal/profile/usecase/usecase.go:40.17,43.4 2 0
github.com/go-park-mail-ru/2024_2_EaglesDesigner/internal/profile/usecase/usecase.go:46.2,46.12 1 0
github.com/go-park-mail-ru/2024_2_EaglesDesigner/internal/profile/usecase/usecase.go:49.93,53.16 3 0
github.com/go-park-mail-ru/2024_2_EaglesDesigner/internal/profile/usecase/usecase.go:53.16,56.3 2 0
github.com/go-park-mail-ru/2024_2_EaglesDesigner/internal/profile/usecase/usecase.go:58.2,62.25 3 0
github.com/go-park-mail-ru/2024_2_EaglesDesigner/internal/profile/usecase/usecase.go:65.78,72.2 1 0
github.com/go-park-mail-ru/2024_2_EaglesDesigner/internal/profile/usecase/usecase.go:74.79,82.2 1 0
github.com/go-park-mail-ru/2024_2_EaglesDesigner/internal/messages/repository/messages_repository_impl.go:22.69,26.2 1 0
github.com/go-park-mail-ru/2024_2_EaglesDesigner/internal/messages/repository/messages_repository_impl.go:28.89,30.16 2 0
github.com/go-park-mail-ru/2024_2_EaglesDesigner/internal/messages/repository/messages_repository_impl.go:30.16,33.3 2 0
github.com/go-park-mail-ru/2024_2_EaglesDesigner/internal/messages/repository/messages_repository_impl.go:34.2,52.16 4 0
github.com/go-park-mail-ru/2024_2_EaglesDesigner/internal/messages/repository/messages_repository_impl.go:52.16,55.3 2 0
github.com/go-park-mail-ru/2024_2_EaglesDesigner/internal/messages/repository/messages_repository_impl.go:56.2,59.18 3 0
github.com/go-park-mail-ru/2024_2_EaglesDesigner/internal/messages/repository/messages_repository_impl.go:59.18,68.17 8 0
github.com/go-park-mail-ru/2024_2_EaglesDesigner/internal/messages/repository/messages_repository_impl.go:68.17,71.4 2 0
github.com/go-park-mail-ru/2024_2_EaglesDesigner/internal/messages/repository/messages_repository_impl.go:73.3,80.5 1 0
github.com/go-park-mail-ru/2024_2_EaglesDesigner/internal/messages/repository/messages_repository_impl.go:83.2,84.22 2 0
github.com/go-park-mail-ru/2024_2_EaglesDesigner/internal/messages/repository/messages_repository_impl.go:87.92,89.16 2 0
github.com/go-park-mail-ru/2024_2_EaglesDesigner/internal/messages/repository/messages_repository_impl.go:89.16,92.3 2 0
github.com/go-park-mail-ru/2024_2_EaglesDesigner/internal/messages/repository/messages_repository_impl.go:93.2,108.38 5 0
github.com/go-park-mail-ru/2024_2_EaglesDesigner/internal/messages/repository/messages_repository_impl.go:108.38,111.3 2 0
github.com/go-park-mail-ru/2024_2_EaglesDesigner/internal/messages/repository/messages_repository_impl.go:113.2,113.12 1 0
github.com/go-park-mail-ru/2024_2_EaglesDesigner/internal/messages/repository/messages_repository_impl.go:116.90,118.16 2 0
github.com/go-park-mail-ru/2024_2_EaglesDesigner/internal/messages/repository/messages_repository_impl.go:118.16,121.3 2 0
github.com/go-park-mail-ru/2024_2_EaglesDesigner/internal/messages/repository/messages_repository_impl.go:122.2,151.35 10 0
github.com/go-park-mail-ru/2024_2_EaglesDesigner/internal/messages/repository/messages_repository_impl.go:151.35,153.3 1 0
github.com/go-park-mail-ru/2024_2_EaglesDesigner/internal/messages/repository/messages_repository_impl.go:154.2,154.16 1 0
github.com/go-park-mail-ru/2024_2_EaglesDesigner/internal/messages/repository/messages_repository_impl.go:154.16,158.3 2 0
github.com/go-park-mail-ru/2024_2_EaglesDesigner/internal/messages/repository/messages_repository_impl.go:160.2,169.26 2 0
github.com/go-park-mail-ru/2024_2_EaglesDesigner/internal/messages/repository/messages_repository_impl.go:172.139,174.16 2 0
github.com/go-park-mail-ru/2024_2_EaglesDesigner/internal/messages/repository/messages_repository_impl.go:174.16,177.3 2 0
github.com/go-park-mail-ru/2024_2_EaglesDesigner/internal/messages/repository/messages_repository_impl.go:178.2,197.16 4 0
github.com/go-park-mail-ru/2024_2_EaglesDesigner/internal/messages/repository/messages_repository_impl.go:197.16,200.3 2 0
github.com/go-park-mail-ru/2024_2_EaglesDesigner/internal/messages/repository/messages_repository_impl.go:201.2,204.18 3 0
github.com/go-park-mail-ru/2024_2_EaglesDesigner/internal/messages/repository/messages_repository_impl.go:204.18,213.17 8 0
github.com/go-park-mail-ru/2024_2_EaglesDesigner/internal/messages/repository/messages_repository_impl.go:213.17,216.4 2 0
github.com/go-park-mail-ru/2024_2_EaglesDesigner/internal/messages/repository/messages_repository_impl.go:218.3,225.5 1 0
github.com/go-park-mail-ru/2024_2_EaglesDesigner/internal/messages/repository/messages_repository_impl.go:228.2,229.22 2 0
github.com/go-park-mail-ru/2024_2_EaglesDesigner/internal/utils/responser/responser.go:22.68,27.2 4 0
github.com/go-park-mail-ru/2024_2_EaglesDesigner/internal/utils/responser/responser.go:29.97,37.2 6 0
github.com/go-park-mail-ru/2024_2_EaglesDesigner/internal/utils/responser/responser.go:39.70,50.2 8 0
github.com/go-park-mail-ru/2024_2_EaglesDesigner/internal/utils/responser/responser.go:53.91,55.16 2 0
github.com/go-park-mail-ru/2024_2_EaglesDesigner/internal/utils/responser/responser.go:55.16,58.3 2 0
github.com/go-park-mail-ru/2024_2_EaglesDesigner/internal/utils/responser/responser.go:60.2,62.19 3 0
github.com/go-park-mail-ru/2024_2_EaglesDesigner/internal/profile/delivery/handlers.go:40.50,45.2 1 0
github.com/go-park-mail-ru/2024_2_EaglesDesigner/internal/profile/delivery/handlers.go:59.82,66.9 5 0
github.com/go-park-mail-ru/2024_2_EaglesDesigner/internal/profile/delivery/handlers.go:66.9,69.3 2 0
github.com/go-park-mail-ru/2024_2_EaglesDesigner/internal/profile/delivery/handlers.go:71.2,74.16 3 0
github.com/go-park-mail-ru/2024_2_EaglesDesigner/internal/profile/delivery/handlers.go:74.16,77.3 2 0
github.com/go-park-mail-ru/2024_2_EaglesDesigner/internal/profile/delivery/handlers.go:79.2,81.50 2 0
github.com/go-park-mail-ru/2024_2_EaglesDesigner/internal/profile/delivery/handlers.go:81.50,85.3 3 0
github.com/go-park-mail-ru/2024_2_EaglesDesigner/internal/profile/delivery/handlers.go:87.2,89.55 2 0
github.com/go-park-mail-ru/2024_2_EaglesDesigner/internal/profile/delivery/handlers.go:103.78,115.16 8 0
github.com/go-park-mail-ru/2024_2_EaglesDesigner/internal/profile/delivery/handlers.go:115.16,118.3 2 0
github.com/go-park-mail-ru/2024_2_EaglesDesigner/internal/profile/delivery/handlers.go:120.2,122.50 2 0
github.com/go-park-mail-ru/2024_2_EaglesDesigner/internal/profile/delivery/handlers.go:122.50,126.3 3 0
github.com/go-park-mail-ru/2024_2_EaglesDesigner/internal/profile/delivery/handlers.go:128.2,130.55 2 0
github.com/go-park-mail-ru/2024_2_EaglesDesigner/internal/profile/delivery/handlers.go:147.81,156.9 7 0
github.com/go-park-mail-ru/2024_2_EaglesDesigner/internal/profile/delivery/handlers.go:156.9,159.3 2 0
github.com/go-park-mail-ru/2024_2_EaglesDesigner/internal/profile/delivery/handlers.go:161.2,163.55 2 0
github.com/go-park-mail-ru/2024_2_EaglesDesigner/internal/profile/delivery/handlers.go:163.55,167.3 3 0
github.com/go-park-mail-ru/2024_2_EaglesDesigner/internal/profile/delivery/handlers.go:169.2,172.22 3 0
github.com/go-park-mail-ru/2024_2_EaglesDesigner/internal/profile/delivery/handlers.go:172.22,173.70 1 0
github.com/go-park-mail-ru/2024_2_EaglesDesigner/internal/profile/delivery/handlers.go:173.70,176.4 2 0
github.com/go-park-mail-ru/2024_2_EaglesDesigner/internal/profile/delivery/handlers.go:179.2,179.49 1 0
github.com/go-park-mail-ru/2024_2_EaglesDesigner/internal/profile/delivery/handlers.go:179.49,183.3 3 0
github.com/go-park-mail-ru/2024_2_EaglesDesigner/internal/profile/delivery/handlers.go:185.2,186.46 2 0
github.com/go-park-mail-ru/2024_2_EaglesDesigner/internal/profile/delivery/handlers.go:186.46,189.3 2 0
github.com/go-park-mail-ru/2024_2_EaglesDesigner/internal/profile/delivery/handlers.go:190.2,190.15 1 0
github.com/go-park-mail-ru/2024_2_EaglesDesigner/internal/profile/delivery/handlers.go:190.15,191.20 1 0
github.com/go-park-mail-ru/2024_2_EaglesDesigner/internal/profile/delivery/handlers.go:191.20,193.4 1 0
github.com/go-park-mail-ru/2024_2_EaglesDesigner/internal/profile/delivery/handlers.go:196.2,196.19 1 0
github.com/go-park-mail-ru/2024_2_EaglesDesigner/internal/profile/delivery/handlers.go:196.19,198.3 1 0
github.com/go-park-mail-ru/2024_2_EaglesDesigner/internal/profile/delivery/handlers.go:200.2,200.62 1 0
github.com/go-park-mail-ru/2024_2_EaglesDesigner/internal/profile/delivery/handlers.go:200.62,203.3 2 0
github.com/go-park-mail-ru/2024_2_EaglesDesigner/internal/profile/delivery/handlers.go:205.2,207.55 2 0
github.com/go-park-mail-ru/2024_2_EaglesDesigner/internal/profile/delivery/handlers.go:210.91,217.2 1 0
github.com/go-park-mail-ru/2024_2_EaglesDesigner/internal/utils/multipartHelper/multipartHelper.go:19.51,32.2 1 0
github.com/go-park-mail-ru/2024_2_EaglesDesigner/internal/utils/multipartHelper/multipartHelper.go:34.72,35.34 1 0
github.com/go-park-mail-ru/2024_2_EaglesDesigner/internal/utils/multipartHelper/multipartHelper.go:35.34,37.3 1 0
github.com/go-park-mail-ru/2024_2_EaglesDesigner/internal/utils/multipartHelper/multipartHelper.go:39.2,44.16 4 0
github.com/go-park-mail-ru/2024_2_EaglesDesigner/internal/utils/multipartHelper/multipartHelper.go:44.16,46.3 1 0
github.com/go-park-mail-ru/2024_2_EaglesDesigner/internal/utils/multipartHelper/multipartHelper.go:47.2,50.16 3 0
github.com/go-park-mail-ru/2024_2_EaglesDesigner/internal/utils/multipartHelper/multipartHelper.go:50.16,53.3 2 0
github.com/go-park-mail-ru/2024_2_EaglesDesigner/internal/utils/multipartHelper/multipartHelper.go:55.2,57.18 2 0
github.com/go-park-mail-ru/2024_2_EaglesDesigner/internal/utils/multipartHelper/multipartHelper.go:60.63,61.34 1 0
github.com/go-park-mail-ru/2024_2_EaglesDesigner/internal/utils/multipartHelper/multipartHelper.go:61.34,63.3 1 0
github.com/go-park-mail-ru/2024_2_EaglesDesigner/internal/utils/multipartHelper/multipartHelper.go:65.2,68.16 3 0
github.com/go-park-mail-ru/2024_2_EaglesDesigner/internal/utils/multipartHelper/multipartHelper.go:68.16,70.3 1 0
github.com/go-park-mail-ru/2024_2_EaglesDesigner/internal/utils/multipartHelper/multipartHelper.go:71.2,74.16 3 0
github.com/go-park-mail-ru/2024_2_EaglesDesigner/internal/utils/multipartHelper/multipartHelper.go:74.16,77.3 2 0
github.com/go-park-mail-ru/2024_2_EaglesDesigner/internal/utils/multipartHelper/multipartHelper.go:79.2,80.12 2 0
github.com/go-park-mail-ru/2024_2_EaglesDesigner/internal/utils/multipartHelper/multipartHelper.go:83.44,85.16 2 0
github.com/go-park-mail-ru/2024_2_EaglesDesigner/internal/utils/multipartHelper/multipartHelper.go:85.16,87.3 1 0
github.com/go-park-mail-ru/2024_2_EaglesDesigner/internal/utils/multipartHelper/multipartHelper.go:90.2,90.54 1 0
github.com/go-park-mail-ru/2024_2_EaglesDesigner/internal/utils/multipartHelper/multipartHelper.go:90.54,92.3 1 0
github.com/go-park-mail-ru/2024_2_EaglesDesigner/internal/utils/multipartHelper/multipartHelper.go:94.2,94.19 1 0
github.com/go-park-mail-ru/2024_2_EaglesDesigner/internal/utils/validator/validator.go:7.42,11.2 2 0
github.com/go-park-mail-ru/2024_2_EaglesDesigner/internal/messages/models/messages_model.go:21.50,23.2 1 0
github.com/go-park-mail-ru/2024_2_EaglesDesigner/internal/messages/models/messages_model.go:26.54,28.2 1 0
github.com/go-park-mail-ru/2024_2_EaglesDesigner/internal/utils/base64helper/base64helper.go:11.61,14.16 2 1
github.com/go-park-mail-ru/2024_2_EaglesDesigner/internal/utils/base64helper/base64helper.go:14.16,17.3 2 0
github.com/go-park-mail-ru/2024_2_EaglesDesigner/internal/utils/base64helper/base64helper.go:19.2,24.16 3 1
github.com/go-park-mail-ru/2024_2_EaglesDesigner/internal/utils/base64helper/base64helper.go:24.16,27.3 2 1
github.com/go-park-mail-ru/2024_2_EaglesDesigner/internal/utils/base64helper/base64helper.go:29.2,30.26 2 0
github.com/go-park-mail-ru/2024_2_EaglesDesigner/internal/utils/base64helper/base64helper.go:33.57,36.16 2 0
github.com/go-park-mail-ru/2024_2_EaglesDesigner/internal/utils/base64helper/base64helper.go:36.16,39.3 2 0
github.com/go-park-mail-ru/2024_2_EaglesDesigner/internal/utils/base64helper/base64helper.go:41.2,41.59 1 0
github.com/go-park-mail-ru/2024_2_EaglesDesigner/internal/utils/base64helper/base64helper.go:45.62,47.16 2 0
github.com/go-park-mail-ru/2024_2_EaglesDesigner/internal/utils/base64helper/base64helper.go:47.16,50.3 2 0
github.com/go-park-mail-ru/2024_2_EaglesDesigner/internal/utils/base64helper/base64helper.go:52.2,53.16 2 0
github.com/go-park-mail-ru/2024_2_EaglesDesigner/internal/utils/base64helper/base64helper.go:53.16,56.3 2 0
github.com/go-park-mail-ru/2024_2_EaglesDesigner/internal/utils/base64helper/base64helper.go:57.2,58.12 2 0
