mode: set
github.com/go-park-mail-ru/2024_2_EaglesDesigner/internal/contacts/delivery/handlers.go:36.50,41.2 1 0
github.com/go-park-mail-ru/2024_2_EaglesDesigner/internal/contacts/delivery/handlers.go:54.79,61.16 5 0
github.com/go-park-mail-ru/2024_2_EaglesDesigner/internal/contacts/delivery/handlers.go:61.16,65.3 3 0
github.com/go-park-mail-ru/2024_2_EaglesDesigner/internal/contacts/delivery/handlers.go:67.2,68.16 2 0
github.com/go-park-mail-ru/2024_2_EaglesDesigner/internal/contacts/delivery/handlers.go:68.16,71.3 2 0
github.com/go-park-mail-ru/2024_2_EaglesDesigner/internal/contacts/delivery/handlers.go:73.2,77.35 3 0
github.com/go-park-mail-ru/2024_2_EaglesDesigner/internal/contacts/delivery/handlers.go:77.35,79.3 1 0
github.com/go-park-mail-ru/2024_2_EaglesDesigner/internal/contacts/delivery/handlers.go:81.2,86.16 3 0
github.com/go-park-mail-ru/2024_2_EaglesDesigner/internal/contacts/delivery/handlers.go:86.16,89.3 2 0
github.com/go-park-mail-ru/2024_2_EaglesDesigner/internal/contacts/delivery/handlers.go:91.2,92.19 2 0
github.com/go-park-mail-ru/2024_2_EaglesDesigner/internal/contacts/delivery/handlers.go:108.78,116.16 6 0
github.com/go-park-mail-ru/2024_2_EaglesDesigner/internal/contacts/delivery/handlers.go:116.16,119.3 2 0
github.com/go-park-mail-ru/2024_2_EaglesDesigner/internal/contacts/delivery/handlers.go:121.2,123.70 2 0
github.com/go-park-mail-ru/2024_2_EaglesDesigner/internal/contacts/delivery/handlers.go:123.70,127.3 3 0
github.com/go-park-mail-ru/2024_2_EaglesDesigner/internal/contacts/delivery/handlers.go:129.2,135.16 5 0
github.com/go-park-mail-ru/2024_2_EaglesDesigner/internal/contacts/delivery/handlers.go:135.16,138.3 2 0
github.com/go-park-mail-ru/2024_2_EaglesDesigner/internal/contacts/delivery/handlers.go:140.2,145.16 4 0
github.com/go-park-mail-ru/2024_2_EaglesDesigner/internal/contacts/delivery/handlers.go:145.16,148.3 2 0
github.com/go-park-mail-ru/2024_2_EaglesDesigner/internal/contacts/delivery/handlers.go:150.2,152.19 3 0
github.com/go-park-mail-ru/2024_2_EaglesDesigner/internal/contacts/delivery/handlers.go:155.68,162.2 1 0
github.com/go-park-mail-ru/2024_2_EaglesDesigner/internal/contacts/repository/repository.go:16.42,20.2 1 0
github.com/go-park-mail-ru/2024_2_EaglesDesigner/internal/contacts/repository/repository.go:22.114,24.16 2 0
github.com/go-park-mail-ru/2024_2_EaglesDesigner/internal/contacts/repository/repository.go:24.16,27.3 2 0
github.com/go-park-mail-ru/2024_2_EaglesDesigner/internal/contacts/repository/repository.go:28.2,46.16 3 0
github.com/go-park-mail-ru/2024_2_EaglesDesigner/internal/contacts/repository/repository.go:46.16,49.3 2 0
github.com/go-park-mail-ru/2024_2_EaglesDesigner/internal/contacts/repository/repository.go:50.2,52.18 2 0
github.com/go-park-mail-ru/2024_2_EaglesDesigner/internal/contacts/repository/repository.go:52.18,55.101 2 0
github.com/go-park-mail-ru/2024_2_EaglesDesigner/internal/contacts/repository/repository.go:55.101,58.4 2 0
github.com/go-park-mail-ru/2024_2_EaglesDesigner/internal/contacts/repository/repository.go:59.3,59.39 1 0
github.com/go-park-mail-ru/2024_2_EaglesDesigner/internal/contacts/repository/repository.go:62.2,64.22 2 0
github.com/go-park-mail-ru/2024_2_EaglesDesigner/internal/contacts/repository/repository.go:67.116,69.16 2 0
github.com/go-park-mail-ru/2024_2_EaglesDesigner/internal/contacts/repository/repository.go:69.16,72.3 2 0
github.com/go-park-mail-ru/2024_2_EaglesDesigner/internal/contacts/repository/repository.go:73.2,76.16 3 0
github.com/go-park-mail-ru/2024_2_EaglesDesigner/internal/contacts/repository/repository.go:76.16,79.3 2 0
github.com/go-park-mail-ru/2024_2_EaglesDesigner/internal/contacts/repository/repository.go:81.2,96.16 3 0
github.com/go-park-mail-ru/2024_2_EaglesDesigner/internal/contacts/repository/repository.go:96.16,99.3 2 0
github.com/go-park-mail-ru/2024_2_EaglesDesigner/internal/contacts/repository/repository.go:101.2,116.16 4 0
github.com/go-park-mail-ru/2024_2_EaglesDesigner/internal/contacts/repository/repository.go:116.16,119.3 2 0
github.com/go-park-mail-ru/2024_2_EaglesDesigner/internal/contacts/repository/repository.go:121.2,121.38 1 0
github.com/go-park-mail-ru/2024_2_EaglesDesigner/internal/contacts/repository/repository.go:121.38,124.3 2 0
github.com/go-park-mail-ru/2024_2_EaglesDesigner/internal/contacts/repository/repository.go:126.2,126.21 1 0
github.com/go-park-mail-ru/2024_2_EaglesDesigner/internal/auth/mocks/mocks.go:17.68,18.31 1 0
github.com/go-park-mail-ru/2024_2_EaglesDesigner/internal/auth/mocks/mocks.go:18.31,20.3 1 0
github.com/go-park-mail-ru/2024_2_EaglesDesigner/internal/auth/mocks/mocks.go:21.2,21.14 1 0
github.com/go-park-mail-ru/2024_2_EaglesDesigner/internal/auth/mocks/mocks.go:24.75,25.31 1 0
github.com/go-park-mail-ru/2024_2_EaglesDesigner/internal/auth/mocks/mocks.go:25.31,27.3 1 0
github.com/go-park-mail-ru/2024_2_EaglesDesigner/internal/auth/mocks/mocks.go:28.2,28.12 1 0
github.com/go-park-mail-ru/2024_2_EaglesDesigner/internal/auth/mocks/mocks.go:31.87,32.30 1 0
github.com/go-park-mail-ru/2024_2_EaglesDesigner/internal/auth/mocks/mocks.go:32.30,34.3 1 0
github.com/go-park-mail-ru/2024_2_EaglesDesigner/internal/auth/mocks/mocks.go:35.2,35.31 1 0
github.com/go-park-mail-ru/2024_2_EaglesDesigner/internal/auth/mocks/mocks.go:43.80,44.36 1 0
github.com/go-park-mail-ru/2024_2_EaglesDesigner/internal/auth/mocks/mocks.go:44.36,46.3 1 0
github.com/go-park-mail-ru/2024_2_EaglesDesigner/internal/auth/mocks/mocks.go:47.2,47.25 1 0
github.com/go-park-mail-ru/2024_2_EaglesDesigner/internal/auth/mocks/mocks.go:50.76,51.29 1 0
github.com/go-park-mail-ru/2024_2_EaglesDesigner/internal/auth/mocks/mocks.go:51.29,53.3 1 0
github.com/go-park-mail-ru/2024_2_EaglesDesigner/internal/auth/mocks/mocks.go:54.2,54.12 1 0
github.com/go-park-mail-ru/2024_2_EaglesDesigner/internal/auth/mocks/mocks.go:64.71,65.28 1 0
github.com/go-park-mail-ru/2024_2_EaglesDesigner/internal/auth/mocks/mocks.go:65.28,67.3 1 0
github.com/go-park-mail-ru/2024_2_EaglesDesigner/internal/auth/mocks/mocks.go:68.2,68.16 1 0
github.com/go-park-mail-ru/2024_2_EaglesDesigner/internal/auth/mocks/mocks.go:71.93,72.35 1 0
github.com/go-park-mail-ru/2024_2_EaglesDesigner/internal/auth/mocks/mocks.go:72.35,74.3 1 0
github.com/go-park-mail-ru/2024_2_EaglesDesigner/internal/auth/mocks/mocks.go:75.2,75.30 1 0
github.com/go-park-mail-ru/2024_2_EaglesDesigner/internal/auth/mocks/mocks.go:78.85,79.31 1 0
github.com/go-park-mail-ru/2024_2_EaglesDesigner/internal/auth/mocks/mocks.go:79.31,81.17 2 0
github.com/go-park-mail-ru/2024_2_EaglesDesigner/internal/auth/mocks/mocks.go:81.17,83.4 1 0
github.com/go-park-mail-ru/2024_2_EaglesDesigner/internal/auth/mocks/mocks.go:85.3,86.19 2 0
github.com/go-park-mail-ru/2024_2_EaglesDesigner/internal/auth/mocks/mocks.go:88.2,88.26 1 0
github.com/go-park-mail-ru/2024_2_EaglesDesigner/internal/auth/mocks/mocks.go:91.71,92.31 1 0
github.com/go-park-mail-ru/2024_2_EaglesDesigner/internal/auth/mocks/mocks.go:92.31,94.3 1 0
github.com/go-park-mail-ru/2024_2_EaglesDesigner/internal/auth/mocks/mocks.go:95.2,95.12 1 0
github.com/go-park-mail-ru/2024_2_EaglesDesigner/internal/auth/mocks/mocks.go:98.44,106.2 1 0
github.com/go-park-mail-ru/2024_2_EaglesDesigner/internal/contacts/usecase/usecase.go:21.36,25.2 1 0
github.com/go-park-mail-ru/2024_2_EaglesDesigner/internal/contacts/usecase/usecase.go:27.108,29.16 2 0
github.com/go-park-mail-ru/2024_2_EaglesDesigner/internal/contacts/usecase/usecase.go:29.16,32.3 2 0
github.com/go-park-mail-ru/2024_2_EaglesDesigner/internal/contacts/usecase/usecase.go:33.2,35.41 2 0
github.com/go-park-mail-ru/2024_2_EaglesDesigner/internal/contacts/usecase/usecase.go:35.41,37.17 2 0
github.com/go-park-mail-ru/2024_2_EaglesDesigner/internal/contacts/usecase/usecase.go:37.17,40.4 2 0
github.com/go-park-mail-ru/2024_2_EaglesDesigner/internal/contacts/usecase/usecase.go:42.3,42.39 1 0
github.com/go-park-mail-ru/2024_2_EaglesDesigner/internal/contacts/usecase/usecase.go:45.2,45.22 1 0
github.com/go-park-mail-ru/2024_2_EaglesDesigner/internal/contacts/usecase/usecase.go:48.107,52.16 3 0
github.com/go-park-mail-ru/2024_2_EaglesDesigner/internal/contacts/usecase/usecase.go:52.16,55.3 2 0
github.com/go-park-mail-ru/2024_2_EaglesDesigner/internal/contacts/usecase/usecase.go:57.2,58.16 2 0
github.com/go-park-mail-ru/2024_2_EaglesDesigner/internal/contacts/usecase/usecase.go:58.16,61.3 2 0
github.com/go-park-mail-ru/2024_2_EaglesDesigner/internal/contacts/usecase/usecase.go:63.2,63.21 1 0
github.com/go-park-mail-ru/2024_2_EaglesDesigner/internal/contacts/usecase/usecase.go:66.75,69.26 2 0
github.com/go-park-mail-ru/2024_2_EaglesDesigner/internal/contacts/usecase/usecase.go:69.26,71.17 2 0
github.com/go-park-mail-ru/2024_2_EaglesDesigner/internal/contacts/usecase/usecase.go:71.17,73.4 1 0
github.com/go-park-mail-ru/2024_2_EaglesDesigner/internal/contacts/usecase/usecase.go:75.3,77.17 3 0
github.com/go-park-mail-ru/2024_2_EaglesDesigner/internal/contacts/usecase/usecase.go:77.17,79.4 1 0
github.com/go-park-mail-ru/2024_2_EaglesDesigner/internal/contacts/usecase/usecase.go:82.2,89.18 2 0
github.com/go-park-mail-ru/2024_2_EaglesDesigner/internal/contacts/usecase/usecase.go:92.84,97.2 1 0
github.com/go-park-mail-ru/2024_2_EaglesDesigner/internal/chats/delivery/chat_delivery.go:19.66,23.2 1 0
github.com/go-park-mail-ru/2024_2_EaglesDesigner/internal/chats/delivery/chat_delivery.go:26.84,32.16 4 0
github.com/go-park-mail-ru/2024_2_EaglesDesigner/internal/chats/delivery/chat_delivery.go:32.16,35.3 2 0
github.com/go-park-mail-ru/2024_2_EaglesDesigner/internal/chats/delivery/chat_delivery.go:37.2,39.16 2 0
github.com/go-park-mail-ru/2024_2_EaglesDesigner/internal/chats/delivery/chat_delivery.go:39.16,47.3 4 0
github.com/go-park-mail-ru/2024_2_EaglesDesigner/internal/chats/delivery/chat_delivery.go:49.2,55.16 3 0
github.com/go-park-mail-ru/2024_2_EaglesDesigner/internal/chats/delivery/chat_delivery.go:55.16,59.3 3 0
github.com/go-park-mail-ru/2024_2_EaglesDesigner/internal/chats/delivery/chat_delivery.go:61.2,62.19 2 0
github.com/go-park-mail-ru/2024_2_EaglesDesigner/internal/chats/delivery/chat_delivery.go:65.75,69.16 3 0
github.com/go-park-mail-ru/2024_2_EaglesDesigner/internal/chats/delivery/chat_delivery.go:69.16,73.3 3 0
github.com/go-park-mail-ru/2024_2_EaglesDesigner/internal/chats/delivery/chat_delivery.go:75.2,76.16 2 0
github.com/go-park-mail-ru/2024_2_EaglesDesigner/internal/chats/delivery/chat_delivery.go:76.16,80.3 3 0
github.com/go-park-mail-ru/2024_2_EaglesDesigner/internal/chats/delivery/chat_delivery.go:82.2,83.8 2 0
github.com/go-park-mail-ru/2024_2_EaglesDesigner/internal/chats/delivery/chat_delivery.go:86.81,91.16 4 0
github.com/go-park-mail-ru/2024_2_EaglesDesigner/internal/chats/delivery/chat_delivery.go:91.16,95.3 3 0
github.com/go-park-mail-ru/2024_2_EaglesDesigner/internal/chats/delivery/chat_delivery.go:97.2,99.16 2 0
github.com/go-park-mail-ru/2024_2_EaglesDesigner/internal/chats/delivery/chat_delivery.go:99.16,103.3 3 0
github.com/go-park-mail-ru/2024_2_EaglesDesigner/internal/chats/delivery/chat_delivery.go:105.2,106.8 2 0
github.com/go-park-mail-ru/2024_2_EaglesDesigner/internal/chats/models/chatModels.go:45.113,54.2 1 0
github.com/go-park-mail-ru/2024_2_EaglesDesigner/cmd/app/main.go:55.13,60.16 3 0
github.com/go-park-mail-ru/2024_2_EaglesDesigner/cmd/app/main.go:60.16,62.3 1 0
github.com/go-park-mail-ru/2024_2_EaglesDesigner/cmd/app/main.go:64.2,98.50 21 0
github.com/go-park-mail-ru/2024_2_EaglesDesigner/cmd/app/main.go:98.50,99.72 1 0
github.com/go-park-mail-ru/2024_2_EaglesDesigner/cmd/app/main.go:99.72,102.4 1 0
github.com/go-park-mail-ru/2024_2_EaglesDesigner/cmd/app/main.go:105.2,151.62 20 0
github.com/go-park-mail-ru/2024_2_EaglesDesigner/cmd/app/main.go:151.62,153.3 1 0
github.com/go-park-mail-ru/2024_2_EaglesDesigner/docs/docs.go:575.13,577.2 1 0
github.com/go-park-mail-ru/2024_2_EaglesDesigner/internal/jwt/mocks/mocks.go:17.71,18.28 1 0
github.com/go-park-mail-ru/2024_2_EaglesDesigner/internal/jwt/mocks/mocks.go:18.28,20.3 1 0
github.com/go-park-mail-ru/2024_2_EaglesDesigner/internal/jwt/mocks/mocks.go:21.2,21.16 1 0
github.com/go-park-mail-ru/2024_2_EaglesDesigner/internal/jwt/mocks/mocks.go:24.95,25.35 1 0
github.com/go-park-mail-ru/2024_2_EaglesDesigner/internal/jwt/mocks/mocks.go:25.35,27.3 1 0
github.com/go-park-mail-ru/2024_2_EaglesDesigner/internal/jwt/mocks/mocks.go:28.2,28.32 1 0
github.com/go-park-mail-ru/2024_2_EaglesDesigner/internal/jwt/mocks/mocks.go:31.87,32.31 1 0
github.com/go-park-mail-ru/2024_2_EaglesDesigner/internal/jwt/mocks/mocks.go:32.31,34.17 2 0
github.com/go-park-mail-ru/2024_2_EaglesDesigner/internal/jwt/mocks/mocks.go:34.17,36.4 1 0
github.com/go-park-mail-ru/2024_2_EaglesDesigner/internal/jwt/mocks/mocks.go:38.3,39.19 2 0
github.com/go-park-mail-ru/2024_2_EaglesDesigner/internal/jwt/mocks/mocks.go:41.2,41.28 1 0
github.com/go-park-mail-ru/2024_2_EaglesDesigner/internal/jwt/mocks/mocks.go:44.71,45.31 1 0
github.com/go-park-mail-ru/2024_2_EaglesDesigner/internal/jwt/mocks/mocks.go:45.31,47.3 1 0
github.com/go-park-mail-ru/2024_2_EaglesDesigner/internal/jwt/mocks/mocks.go:48.2,48.12 1 0
github.com/go-park-mail-ru/2024_2_EaglesDesigner/internal/jwt/mocks/mocks.go:51.46,59.2 1 0
github.com/go-park-mail-ru/2024_2_EaglesDesigner/internal/jwt/mocks/mocks.go:66.80,67.36 1 0
github.com/go-park-mail-ru/2024_2_EaglesDesigner/internal/jwt/mocks/mocks.go:67.36,69.3 1 0
github.com/go-park-mail-ru/2024_2_EaglesDesigner/internal/jwt/mocks/mocks.go:70.2,70.25 1 0
github.com/go-park-mail-ru/2024_2_EaglesDesigner/internal/jwt/mocks/mocks.go:73.76,74.29 1 0
github.com/go-park-mail-ru/2024_2_EaglesDesigner/internal/jwt/mocks/mocks.go:74.29,76.3 1 0
github.com/go-park-mail-ru/2024_2_EaglesDesigner/internal/jwt/mocks/mocks.go:77.2,77.12 1 0
github.com/go-park-mail-ru/2024_2_EaglesDesigner/internal/profile/repository/repository.go:19.42,23.2 1 0
github.com/go-park-mail-ru/2024_2_EaglesDesigner/internal/profile/repository/repository.go:25.112,27.16 2 0
github.com/go-park-mail-ru/2024_2_EaglesDesigner/internal/profile/repository/repository.go:27.16,30.3 2 0
github.com/go-park-mail-ru/2024_2_EaglesDesigner/internal/profile/repository/repository.go:31.2,53.16 5 0
github.com/go-park-mail-ru/2024_2_EaglesDesigner/internal/profile/repository/repository.go:53.16,56.3 2 0
github.com/go-park-mail-ru/2024_2_EaglesDesigner/internal/profile/repository/repository.go:58.2,58.25 1 0
github.com/go-park-mail-ru/2024_2_EaglesDesigner/internal/profile/repository/repository.go:69.112,71.16 2 0
github.com/go-park-mail-ru/2024_2_EaglesDesigner/internal/profile/repository/repository.go:71.16,74.3 2 0
github.com/go-park-mail-ru/2024_2_EaglesDesigner/internal/profile/repository/repository.go:75.2,86.16 4 0
github.com/go-park-mail-ru/2024_2_EaglesDesigner/internal/profile/repository/repository.go:86.16,88.3 1 0
github.com/go-park-mail-ru/2024_2_EaglesDesigner/internal/profile/repository/repository.go:90.2,90.22 1 0
github.com/go-park-mail-ru/2024_2_EaglesDesigner/internal/profile/repository/repository.go:90.22,93.3 2 0
github.com/go-park-mail-ru/2024_2_EaglesDesigner/internal/profile/repository/repository.go:95.2,102.25 5 0
github.com/go-park-mail-ru/2024_2_EaglesDesigner/internal/profile/repository/repository.go:102.25,105.3 2 0
github.com/go-park-mail-ru/2024_2_EaglesDesigner/internal/profile/repository/repository.go:106.2,106.24 1 0
github.com/go-park-mail-ru/2024_2_EaglesDesigner/internal/profile/repository/repository.go:106.24,109.3 2 0
github.com/go-park-mail-ru/2024_2_EaglesDesigner/internal/profile/repository/repository.go:110.2,110.33 1 0
github.com/go-park-mail-ru/2024_2_EaglesDesigner/internal/profile/repository/repository.go:110.33,113.3 2 0
github.com/go-park-mail-ru/2024_2_EaglesDesigner/internal/profile/repository/repository.go:114.2,114.30 1 0
github.com/go-park-mail-ru/2024_2_EaglesDesigner/internal/profile/repository/repository.go:114.30,117.3 2 0
github.com/go-park-mail-ru/2024_2_EaglesDesigner/internal/profile/repository/repository.go:119.2,119.20 1 0
github.com/go-park-mail-ru/2024_2_EaglesDesigner/internal/profile/repository/repository.go:119.20,121.3 1 0
github.com/go-park-mail-ru/2024_2_EaglesDesigner/internal/profile/repository/repository.go:123.2,130.16 5 0
github.com/go-park-mail-ru/2024_2_EaglesDesigner/internal/profile/repository/repository.go:130.16,132.3 1 0
github.com/go-park-mail-ru/2024_2_EaglesDesigner/internal/profile/repository/repository.go:134.2,134.23 1 0
github.com/go-park-mail-ru/2024_2_EaglesDesigner/internal/messages/delivery/chat_delivery.go:25.77,29.2 1 0
github.com/go-park-mail-ru/2024_2_EaglesDesigner/internal/messages/delivery/chat_delivery.go:31.84,33.9 2 0
github.com/go-park-mail-ru/2024_2_EaglesDesigner/internal/messages/delivery/chat_delivery.go:33.9,36.3 2 0
github.com/go-park-mail-ru/2024_2_EaglesDesigner/internal/messages/delivery/chat_delivery.go:38.2,44.16 5 0
github.com/go-park-mail-ru/2024_2_EaglesDesigner/internal/messages/delivery/chat_delivery.go:44.16,49.3 3 0
github.com/go-park-mail-ru/2024_2_EaglesDesigner/internal/messages/delivery/chat_delivery.go:51.2,52.16 2 0
github.com/go-park-mail-ru/2024_2_EaglesDesigner/internal/messages/delivery/chat_delivery.go:52.16,56.3 3 0
github.com/go-park-mail-ru/2024_2_EaglesDesigner/internal/messages/delivery/chat_delivery.go:58.2,60.16 2 0
github.com/go-park-mail-ru/2024_2_EaglesDesigner/internal/messages/delivery/chat_delivery.go:60.16,64.3 3 0
github.com/go-park-mail-ru/2024_2_EaglesDesigner/internal/messages/delivery/chat_delivery.go:66.2,67.19 2 0
github.com/go-park-mail-ru/2024_2_EaglesDesigner/internal/messages/delivery/chat_delivery.go:70.86,72.9 2 0
github.com/go-park-mail-ru/2024_2_EaglesDesigner/internal/messages/delivery/chat_delivery.go:72.9,75.3 2 0
github.com/go-park-mail-ru/2024_2_EaglesDesigner/internal/messages/delivery/chat_delivery.go:77.2,83.16 5 0
github.com/go-park-mail-ru/2024_2_EaglesDesigner/internal/messages/delivery/chat_delivery.go:83.16,88.3 3 0
github.com/go-park-mail-ru/2024_2_EaglesDesigner/internal/messages/delivery/chat_delivery.go:90.2,91.16 2 0
github.com/go-park-mail-ru/2024_2_EaglesDesigner/internal/messages/delivery/chat_delivery.go:91.16,95.3 3 0
github.com/go-park-mail-ru/2024_2_EaglesDesigner/internal/messages/delivery/chat_delivery.go:96.2,104.15 6 0
github.com/go-park-mail-ru/2024_2_EaglesDesigner/internal/messages/delivery/chat_delivery.go:104.15,107.3 2 0
github.com/go-park-mail-ru/2024_2_EaglesDesigner/internal/messages/delivery/chat_delivery.go:110.2,113.16 3 0
github.com/go-park-mail-ru/2024_2_EaglesDesigner/internal/messages/delivery/chat_delivery.go:113.16,117.3 3 0
github.com/go-park-mail-ru/2024_2_EaglesDesigner/internal/messages/delivery/chat_delivery.go:119.2,129.6 4 0
github.com/go-park-mail-ru/2024_2_EaglesDesigner/internal/messages/delivery/chat_delivery.go:129.6,130.10 1 0
github.com/go-park-mail-ru/2024_2_EaglesDesigner/internal/messages/delivery/chat_delivery.go:131.27,133.18 1 0
github.com/go-park-mail-ru/2024_2_EaglesDesigner/internal/messages/delivery/chat_delivery.go:133.18,137.5 3 0
github.com/go-park-mail-ru/2024_2_EaglesDesigner/internal/messages/delivery/chat_delivery.go:138.37,142.25 2 0
github.com/go-park-mail-ru/2024_2_EaglesDesigner/internal/messages/delivery/chat_delivery.go:142.25,147.5 1 0
github.com/go-park-mail-ru/2024_2_EaglesDesigner/internal/messages/delivery/chat_delivery.go:148.11,149.24 1 0
github.com/go-park-mail-ru/2024_2_EaglesDesigner/internal/messages/repository/messages_repository_impl.go:22.69,26.2 1 0
github.com/go-park-mail-ru/2024_2_EaglesDesigner/internal/messages/repository/messages_repository_impl.go:28.99,30.16 2 0
github.com/go-park-mail-ru/2024_2_EaglesDesigner/internal/messages/repository/messages_repository_impl.go:30.16,33.3 2 0
github.com/go-park-mail-ru/2024_2_EaglesDesigner/internal/messages/repository/messages_repository_impl.go:34.2,56.16 4 0
github.com/go-park-mail-ru/2024_2_EaglesDesigner/internal/messages/repository/messages_repository_impl.go:56.16,59.3 2 0
github.com/go-park-mail-ru/2024_2_EaglesDesigner/internal/messages/repository/messages_repository_impl.go:60.2,63.18 3 0
github.com/go-park-mail-ru/2024_2_EaglesDesigner/internal/messages/repository/messages_repository_impl.go:63.18,72.17 8 0
github.com/go-park-mail-ru/2024_2_EaglesDesigner/internal/messages/repository/messages_repository_impl.go:72.17,75.4 2 0
github.com/go-park-mail-ru/2024_2_EaglesDesigner/internal/messages/repository/messages_repository_impl.go:77.3,84.5 1 0
github.com/go-park-mail-ru/2024_2_EaglesDesigner/internal/messages/repository/messages_repository_impl.go:87.2,88.22 2 0
github.com/go-park-mail-ru/2024_2_EaglesDesigner/internal/messages/repository/messages_repository_impl.go:91.92,93.16 2 0
github.com/go-park-mail-ru/2024_2_EaglesDesigner/internal/messages/repository/messages_repository_impl.go:93.16,96.3 2 0
github.com/go-park-mail-ru/2024_2_EaglesDesigner/internal/messages/repository/messages_repository_impl.go:97.2,112.38 5 0
github.com/go-park-mail-ru/2024_2_EaglesDesigner/internal/messages/repository/messages_repository_impl.go:112.38,115.3 2 0
github.com/go-park-mail-ru/2024_2_EaglesDesigner/internal/messages/repository/messages_repository_impl.go:117.2,117.12 1 0
github.com/go-park-mail-ru/2024_2_EaglesDesigner/internal/messages/repository/messages_repository_impl.go:120.90,122.16 2 0
github.com/go-park-mail-ru/2024_2_EaglesDesigner/internal/messages/repository/messages_repository_impl.go:122.16,125.3 2 0
github.com/go-park-mail-ru/2024_2_EaglesDesigner/internal/messages/repository/messages_repository_impl.go:126.2,155.35 10 0
github.com/go-park-mail-ru/2024_2_EaglesDesigner/internal/messages/repository/messages_repository_impl.go:155.35,157.3 1 0
github.com/go-park-mail-ru/2024_2_EaglesDesigner/internal/messages/repository/messages_repository_impl.go:158.2,158.16 1 0
github.com/go-park-mail-ru/2024_2_EaglesDesigner/internal/messages/repository/messages_repository_impl.go:158.16,162.3 2 0
github.com/go-park-mail-ru/2024_2_EaglesDesigner/internal/messages/repository/messages_repository_impl.go:164.2,173.26 2 0
github.com/go-park-mail-ru/2024_2_EaglesDesigner/internal/messages/repository/messages_repository_impl.go:176.139,178.16 2 0
github.com/go-park-mail-ru/2024_2_EaglesDesigner/internal/messages/repository/messages_repository_impl.go:178.16,181.3 2 0
github.com/go-park-mail-ru/2024_2_EaglesDesigner/internal/messages/repository/messages_repository_impl.go:182.2,201.16 4 0
github.com/go-park-mail-ru/2024_2_EaglesDesigner/internal/messages/repository/messages_repository_impl.go:201.16,204.3 2 0
github.com/go-park-mail-ru/2024_2_EaglesDesigner/internal/messages/repository/messages_repository_impl.go:205.2,208.18 3 0
github.com/go-park-mail-ru/2024_2_EaglesDesigner/internal/messages/repository/messages_repository_impl.go:208.18,217.17 8 0
github.com/go-park-mail-ru/2024_2_EaglesDesigner/internal/messages/repository/messages_repository_impl.go:217.17,220.4 2 0
github.com/go-park-mail-ru/2024_2_EaglesDesigner/internal/messages/repository/messages_repository_impl.go:222.3,229.5 1 0
github.com/go-park-mail-ru/2024_2_EaglesDesigner/internal/messages/repository/messages_repository_impl.go:232.2,233.22 2 0
github.com/go-park-mail-ru/2024_2_EaglesDesigner/internal/profile/usecase/usecase.go:21.36,25.2 1 0
github.com/go-park-mail-ru/2024_2_EaglesDesigner/internal/profile/usecase/usecase.go:27.103,30.36 2 0
github.com/go-park-mail-ru/2024_2_EaglesDesigner/internal/profile/usecase/usecase.go:30.36,32.3 1 0
github.com/go-park-mail-ru/2024_2_EaglesDesigner/internal/profile/usecase/usecase.go:34.2,37.16 3 0
github.com/go-park-mail-ru/2024_2_EaglesDesigner/internal/profile/usecase/usecase.go:37.16,40.3 2 0
github.com/go-park-mail-ru/2024_2_EaglesDesigner/internal/profile/usecase/usecase.go:42.2,42.19 1 0
github.com/go-park-mail-ru/2024_2_EaglesDesigner/internal/profile/usecase/usecase.go:42.19,44.17 2 0
github.com/go-park-mail-ru/2024_2_EaglesDesigner/internal/profile/usecase/usecase.go:44.17,47.4 2 0
github.com/go-park-mail-ru/2024_2_EaglesDesigner/internal/profile/usecase/usecase.go:50.2,50.12 1 0
github.com/go-park-mail-ru/2024_2_EaglesDesigner/internal/profile/usecase/usecase.go:53.96,55.16 2 0
github.com/go-park-mail-ru/2024_2_EaglesDesigner/internal/profile/usecase/usecase.go:55.16,58.3 2 0
github.com/go-park-mail-ru/2024_2_EaglesDesigner/internal/profile/usecase/usecase.go:60.2,62.25 2 0
github.com/go-park-mail-ru/2024_2_EaglesDesigner/internal/profile/usecase/usecase.go:65.78,68.20 2 0
github.com/go-park-mail-ru/2024_2_EaglesDesigner/internal/profile/usecase/usecase.go:68.20,70.3 1 0
github.com/go-park-mail-ru/2024_2_EaglesDesigner/internal/profile/usecase/usecase.go:70.8,72.3 1 0
github.com/go-park-mail-ru/2024_2_EaglesDesigner/internal/profile/usecase/usecase.go:74.2,76.19 2 0
github.com/go-park-mail-ru/2024_2_EaglesDesigner/internal/profile/usecase/usecase.go:76.19,78.3 1 0
github.com/go-park-mail-ru/2024_2_EaglesDesigner/internal/profile/usecase/usecase.go:78.8,80.3 1 0
github.com/go-park-mail-ru/2024_2_EaglesDesigner/internal/profile/usecase/usecase.go:82.2,84.25 2 0
github.com/go-park-mail-ru/2024_2_EaglesDesigner/internal/profile/usecase/usecase.go:84.25,86.3 1 0
github.com/go-park-mail-ru/2024_2_EaglesDesigner/internal/profile/usecase/usecase.go:86.8,88.3 1 0
github.com/go-park-mail-ru/2024_2_EaglesDesigner/internal/profile/usecase/usecase.go:90.2,92.25 2 0
github.com/go-park-mail-ru/2024_2_EaglesDesigner/internal/profile/usecase/usecase.go:92.25,94.3 1 0
github.com/go-park-mail-ru/2024_2_EaglesDesigner/internal/profile/usecase/usecase.go:94.8,96.3 1 0
github.com/go-park-mail-ru/2024_2_EaglesDesigner/internal/profile/usecase/usecase.go:98.2,103.3 1 0
github.com/go-park-mail-ru/2024_2_EaglesDesigner/internal/profile/usecase/usecase.go:106.79,114.2 1 0
github.com/go-park-mail-ru/2024_2_EaglesDesigner/internal/messages/usecase/message_usecase_impl.go:23.122,28.2 1 0
github.com/go-park-mail-ru/2024_2_EaglesDesigner/internal/messages/usecase/message_usecase_impl.go:30.135,34.16 3 0
github.com/go-park-mail-ru/2024_2_EaglesDesigner/internal/messages/usecase/message_usecase_impl.go:34.16,36.3 1 0
github.com/go-park-mail-ru/2024_2_EaglesDesigner/internal/messages/usecase/message_usecase_impl.go:37.2,46.16 7 0
github.com/go-park-mail-ru/2024_2_EaglesDesigner/internal/messages/usecase/message_usecase_impl.go:46.16,49.3 2 0
github.com/go-park-mail-ru/2024_2_EaglesDesigner/internal/messages/usecase/message_usecase_impl.go:50.2,52.12 2 0
github.com/go-park-mail-ru/2024_2_EaglesDesigner/internal/messages/usecase/message_usecase_impl.go:55.127,59.16 3 0
github.com/go-park-mail-ru/2024_2_EaglesDesigner/internal/messages/usecase/message_usecase_impl.go:59.16,62.3 2 0
github.com/go-park-mail-ru/2024_2_EaglesDesigner/internal/messages/usecase/message_usecase_impl.go:63.2,67.8 2 0
github.com/go-park-mail-ru/2024_2_EaglesDesigner/internal/messages/usecase/message_usecase_impl.go:70.145,71.15 1 0
github.com/go-park-mail-ru/2024_2_EaglesDesigner/internal/messages/usecase/message_usecase_impl.go:71.15,74.3 2 0
github.com/go-park-mail-ru/2024_2_EaglesDesigner/internal/messages/usecase/message_usecase_impl.go:76.2,79.50 3 0
github.com/go-park-mail-ru/2024_2_EaglesDesigner/internal/messages/usecase/message_usecase_impl.go:79.50,81.3 1 0
github.com/go-park-mail-ru/2024_2_EaglesDesigner/internal/messages/usecase/message_usecase_impl.go:83.2,85.6 2 0
github.com/go-park-mail-ru/2024_2_EaglesDesigner/internal/messages/usecase/message_usecase_impl.go:85.6,86.10 1 0
github.com/go-park-mail-ru/2024_2_EaglesDesigner/internal/messages/usecase/message_usecase_impl.go:87.23,89.10 2 0
github.com/go-park-mail-ru/2024_2_EaglesDesigner/internal/messages/usecase/message_usecase_impl.go:90.11,96.52 3 0
github.com/go-park-mail-ru/2024_2_EaglesDesigner/internal/messages/usecase/message_usecase_impl.go:96.52,99.13 3 0
github.com/go-park-mail-ru/2024_2_EaglesDesigner/internal/messages/usecase/message_usecase_impl.go:102.4,102.54 1 0
github.com/go-park-mail-ru/2024_2_EaglesDesigner/internal/messages/usecase/message_usecase_impl.go:102.54,106.19 3 0
github.com/go-park-mail-ru/2024_2_EaglesDesigner/internal/messages/usecase/message_usecase_impl.go:106.19,110.6 3 0
github.com/go-park-mail-ru/2024_2_EaglesDesigner/internal/messages/usecase/message_usecase_impl.go:111.5,113.30 3 0
github.com/go-park-mail-ru/2024_2_EaglesDesigner/internal/profile/delivery/handlers.go:38.50,43.2 1 0
github.com/go-park-mail-ru/2024_2_EaglesDesigner/internal/profile/delivery/handlers.go:57.78,61.9 3 0
github.com/go-park-mail-ru/2024_2_EaglesDesigner/internal/profile/delivery/handlers.go:61.9,64.3 2 0
github.com/go-park-mail-ru/2024_2_EaglesDesigner/internal/profile/delivery/handlers.go:66.2,69.16 3 0
github.com/go-park-mail-ru/2024_2_EaglesDesigner/internal/profile/delivery/handlers.go:69.16,72.3 2 0
github.com/go-park-mail-ru/2024_2_EaglesDesigner/internal/profile/delivery/handlers.go:74.2,76.34 2 0
github.com/go-park-mail-ru/2024_2_EaglesDesigner/internal/profile/delivery/handlers.go:76.34,78.17 2 0
github.com/go-park-mail-ru/2024_2_EaglesDesigner/internal/profile/delivery/handlers.go:78.17,81.4 2 0
github.com/go-park-mail-ru/2024_2_EaglesDesigner/internal/profile/delivery/handlers.go:83.3,85.17 3 0
github.com/go-park-mail-ru/2024_2_EaglesDesigner/internal/profile/delivery/handlers.go:85.17,87.4 1 0
github.com/go-park-mail-ru/2024_2_EaglesDesigner/internal/profile/delivery/handlers.go:90.2,98.16 3 0
github.com/go-park-mail-ru/2024_2_EaglesDesigner/internal/profile/delivery/handlers.go:98.16,101.3 2 0
github.com/go-park-mail-ru/2024_2_EaglesDesigner/internal/profile/delivery/handlers.go:103.2,104.19 2 0
github.com/go-park-mail-ru/2024_2_EaglesDesigner/internal/profile/delivery/handlers.go:120.81,126.16 5 0
github.com/go-park-mail-ru/2024_2_EaglesDesigner/internal/profile/delivery/handlers.go:126.16,129.3 2 0
github.com/go-park-mail-ru/2024_2_EaglesDesigner/internal/profile/delivery/handlers.go:131.2,135.65 3 0
github.com/go-park-mail-ru/2024_2_EaglesDesigner/internal/profile/delivery/handlers.go:135.65,138.3 2 0
github.com/go-park-mail-ru/2024_2_EaglesDesigner/internal/profile/delivery/handlers.go:140.2,140.62 1 0
github.com/go-park-mail-ru/2024_2_EaglesDesigner/internal/profile/delivery/handlers.go:140.62,143.3 2 0
github.com/go-park-mail-ru/2024_2_EaglesDesigner/internal/profile/delivery/handlers.go:145.2,145.63 1 0
github.com/go-park-mail-ru/2024_2_EaglesDesigner/internal/utils/responser/responser.go:20.76,25.2 4 0
github.com/go-park-mail-ru/2024_2_EaglesDesigner/internal/utils/responser/responser.go:27.84,34.2 5 0
github.com/go-park-mail-ru/2024_2_EaglesDesigner/internal/utils/responser/responser.go:36.70,38.2 1 0
github.com/go-park-mail-ru/2024_2_EaglesDesigner/internal/utils/base64helper/base64helper.go:11.61,14.16 2 1
github.com/go-park-mail-ru/2024_2_EaglesDesigner/internal/utils/base64helper/base64helper.go:14.16,17.3 2 0
github.com/go-park-mail-ru/2024_2_EaglesDesigner/internal/utils/base64helper/base64helper.go:19.2,24.16 3 1
github.com/go-park-mail-ru/2024_2_EaglesDesigner/internal/utils/base64helper/base64helper.go:24.16,27.3 2 1
github.com/go-park-mail-ru/2024_2_EaglesDesigner/internal/utils/base64helper/base64helper.go:29.2,30.26 2 0
github.com/go-park-mail-ru/2024_2_EaglesDesigner/internal/utils/base64helper/base64helper.go:33.57,36.16 2 0
github.com/go-park-mail-ru/2024_2_EaglesDesigner/internal/utils/base64helper/base64helper.go:36.16,39.3 2 0
github.com/go-park-mail-ru/2024_2_EaglesDesigner/internal/utils/base64helper/base64helper.go:41.2,41.59 1 0
github.com/go-park-mail-ru/2024_2_EaglesDesigner/internal/utils/base64helper/base64helper.go:45.62,47.16 2 0
github.com/go-park-mail-ru/2024_2_EaglesDesigner/internal/utils/base64helper/base64helper.go:47.16,50.3 2 0
github.com/go-park-mail-ru/2024_2_EaglesDesigner/internal/utils/base64helper/base64helper.go:52.2,53.16 2 0
github.com/go-park-mail-ru/2024_2_EaglesDesigner/internal/utils/base64helper/base64helper.go:53.16,56.3 2 0
github.com/go-park-mail-ru/2024_2_EaglesDesigner/internal/utils/base64helper/base64helper.go:57.2,58.12 2 0
